{
  "uid" : "6fe6cfb3e229782a",
  "name" : "POST: CreateBookingXML",
  "fullName" : "RequestXML.CreateBookingXML",
  "historyId" : "7ca6bc90db1705f088264cdd5999c7e",
  "time" : {
    "start" : 1679588320966,
    "stop" : 1679588322001,
    "duration" : 1035
  },
  "status" : "passed",
  "flaky" : false,
  "beforeStages" : [ ],
  "afterStages" : [ {
    "name" : "AfterTest",
    "time" : {
      "start" : 1679588323082,
      "stop" : 1679588323085,
      "duration" : 3
    },
    "description" : "",
    "status" : "failed",
    "statusMessage" : "The following asserts failed:\n\texpected [trada] but found [caphe],\n\texpected [nguyen] but found [nguyen the]",
    "statusTrace" : "java.lang.AssertionError: The following asserts failed:\n\texpected [trada] but found [caphe],\n\texpected [nguyen] but found [nguyen the]\r\n\tat org.testng.asserts.SoftAssert.assertAll(SoftAssert.java:47)\r\n\tat org.testng.asserts.SoftAssert.assertAll(SoftAssert.java:31)\r\n\tat RequestJSON.AfterTest(RequestJSON.java:16)\r\n\tat java.base/jdk.internal.reflect.DirectMethodHandleAccessor.invoke(DirectMethodHandleAccessor.java:104)\r\n\tat java.base/java.lang.reflect.Method.invoke(Method.java:578)\r\n\tat org.testng.internal.MethodInvocationHelper.invokeMethod(MethodInvocationHelper.java:133)\r\n\tat org.testng.internal.MethodInvocationHelper.invokeMethodConsideringTimeout(MethodInvocationHelper.java:62)\r\n\tat org.testng.internal.ConfigInvoker.invokeConfigurationMethod(ConfigInvoker.java:385)\r\n\tat org.testng.internal.ConfigInvoker.invokeConfigurations(ConfigInvoker.java:321)\r\n\tat org.testng.TestRunner.invokeTestConfigurations(TestRunner.java:637)\r\n\tat org.testng.TestRunner.afterRun(TestRunner.java:877)\r\n\tat org.testng.TestRunner.run(TestRunner.java:599)\r\n\tat org.testng.SuiteRunner.runTest(SuiteRunner.java:377)\r\n\tat org.testng.SuiteRunner.runSequentially(SuiteRunner.java:371)\r\n\tat org.testng.SuiteRunner.privateRun(SuiteRunner.java:332)\r\n\tat org.testng.SuiteRunner.run(SuiteRunner.java:276)\r\n\tat org.testng.SuiteRunnerWorker.runSuite(SuiteRunnerWorker.java:53)\r\n\tat org.testng.SuiteRunnerWorker.run(SuiteRunnerWorker.java:96)\r\n\tat org.testng.TestNG.runSuitesSequentially(TestNG.java:1212)\r\n\tat org.testng.TestNG.runSuitesLocally(TestNG.java:1134)\r\n\tat org.testng.TestNG.runSuites(TestNG.java:1063)\r\n\tat org.testng.TestNG.run(TestNG.java:1031)\r\n\tat org.apache.maven.surefire.testng.TestNGExecutor.run(TestNGExecutor.java:284)\r\n\tat org.apache.maven.surefire.testng.TestNGXmlTestSuite.execute(TestNGXmlTestSuite.java:75)\r\n\tat org.apache.maven.surefire.testng.TestNGProvider.invoke(TestNGProvider.java:119)\r\n\tat org.apache.maven.surefire.booter.ForkedBooter.runSuitesInProcess(ForkedBooter.java:428)\r\n\tat org.apache.maven.surefire.booter.ForkedBooter.execute(ForkedBooter.java:162)\r\n\tat org.apache.maven.surefire.booter.ForkedBooter.run(ForkedBooter.java:562)\r\n\tat org.apache.maven.surefire.booter.ForkedBooter.main(ForkedBooter.java:548)\r\n",
    "steps" : [ ],
    "attachments" : [ ],
    "parameters" : [ ],
    "attachmentsCount" : 0,
    "shouldDisplayMessage" : true,
    "stepsCount" : 0,
    "hasContent" : true
  }, {
    "name" : "AfterTest",
    "time" : {
      "start" : 1679588323099,
      "stop" : 1679588323100,
      "duration" : 1
    },
    "description" : "",
    "status" : "failed",
    "statusMessage" : "The following asserts failed:\n\texpected [trada] but found [caphe],\n\texpected [nguyen] but found [nguyen the]",
    "statusTrace" : "java.lang.AssertionError: The following asserts failed:\n\texpected [trada] but found [caphe],\n\texpected [nguyen] but found [nguyen the]\r\n\tat org.testng.asserts.SoftAssert.assertAll(SoftAssert.java:47)\r\n\tat org.testng.asserts.SoftAssert.assertAll(SoftAssert.java:31)\r\n\tat RequestXML.AfterTest(RequestXML.java:16)\r\n\tat java.base/jdk.internal.reflect.DirectMethodHandleAccessor.invoke(DirectMethodHandleAccessor.java:104)\r\n\tat java.base/java.lang.reflect.Method.invoke(Method.java:578)\r\n\tat org.testng.internal.MethodInvocationHelper.invokeMethod(MethodInvocationHelper.java:133)\r\n\tat org.testng.internal.MethodInvocationHelper.invokeMethodConsideringTimeout(MethodInvocationHelper.java:62)\r\n\tat org.testng.internal.ConfigInvoker.invokeConfigurationMethod(ConfigInvoker.java:385)\r\n\tat org.testng.internal.ConfigInvoker.invokeConfigurations(ConfigInvoker.java:321)\r\n\tat org.testng.TestRunner.invokeTestConfigurations(TestRunner.java:637)\r\n\tat org.testng.TestRunner.afterRun(TestRunner.java:877)\r\n\tat org.testng.TestRunner.run(TestRunner.java:599)\r\n\tat org.testng.SuiteRunner.runTest(SuiteRunner.java:377)\r\n\tat org.testng.SuiteRunner.runSequentially(SuiteRunner.java:371)\r\n\tat org.testng.SuiteRunner.privateRun(SuiteRunner.java:332)\r\n\tat org.testng.SuiteRunner.run(SuiteRunner.java:276)\r\n\tat org.testng.SuiteRunnerWorker.runSuite(SuiteRunnerWorker.java:53)\r\n\tat org.testng.SuiteRunnerWorker.run(SuiteRunnerWorker.java:96)\r\n\tat org.testng.TestNG.runSuitesSequentially(TestNG.java:1212)\r\n\tat org.testng.TestNG.runSuitesLocally(TestNG.java:1134)\r\n\tat org.testng.TestNG.runSuites(TestNG.java:1063)\r\n\tat org.testng.TestNG.run(TestNG.java:1031)\r\n\tat org.apache.maven.surefire.testng.TestNGExecutor.run(TestNGExecutor.java:284)\r\n\tat org.apache.maven.surefire.testng.TestNGXmlTestSuite.execute(TestNGXmlTestSuite.java:75)\r\n\tat org.apache.maven.surefire.testng.TestNGProvider.invoke(TestNGProvider.java:119)\r\n\tat org.apache.maven.surefire.booter.ForkedBooter.runSuitesInProcess(ForkedBooter.java:428)\r\n\tat org.apache.maven.surefire.booter.ForkedBooter.execute(ForkedBooter.java:162)\r\n\tat org.apache.maven.surefire.booter.ForkedBooter.run(ForkedBooter.java:562)\r\n\tat org.apache.maven.surefire.booter.ForkedBooter.main(ForkedBooter.java:548)\r\n",
    "steps" : [ ],
    "attachments" : [ ],
    "parameters" : [ ],
    "attachmentsCount" : 0,
    "shouldDisplayMessage" : true,
    "stepsCount" : 0,
    "hasContent" : true
  } ],
  "labels" : [ {
    "name" : "package",
    "value" : "RequestXML"
  }, {
    "name" : "testClass",
    "value" : "RequestXML"
  }, {
    "name" : "testMethod",
    "value" : "CreateBookingXML"
  }, {
    "name" : "parentSuite",
    "value" : "environment"
  }, {
    "name" : "suite",
    "value" : "pre_prod_test"
  }, {
    "name" : "subSuite",
    "value" : "RequestXML"
  }, {
    "name" : "host",
    "value" : "LP-J5NFZH3"
  }, {
    "name" : "thread",
    "value" : "15104@LP-J5NFZH3.main(1)"
  }, {
    "name" : "framework",
    "value" : "testng"
  }, {
    "name" : "language",
    "value" : "java"
  }, {
    "name" : "resultFormat",
    "value" : "allure2"
  } ],
  "parameters" : [ {
    "name" : "additionalneeds",
    "value" : "buncha"
  }, {
    "name" : "additionalneeds_update",
    "value" : "caphe"
  }, {
    "name" : "auth",
    "value" : "Basic YWRtaW46cGFzc3dvcmQxMjM="
  }, {
    "name" : "checkin",
    "value" : "2023-01-01"
  }, {
    "name" : "checkout",
    "value" : "2023-09-03"
  }, {
    "name" : "depositpaid",
    "value" : "true"
  }, {
    "name" : "firstname",
    "value" : "dat"
  }, {
    "name" : "lastname",
    "value" : "nguyen the"
  }, {
    "name" : "totalprice",
    "value" : "3112"
  }, {
    "name" : "url",
    "value" : "https://restful-booker.herokuapp.com/booking/"
  } ],
  "links" : [ ],
  "hidden" : false,
  "retry" : false,
  "extra" : {
    "severity" : "normal",
    "retries" : [ {
      "uid" : "baee94283aec91bf",
      "status" : "passed",
      "time" : {
        "start" : 1679587905006,
        "stop" : 1679587906554,
        "duration" : 1548
      }
    } ],
    "categories" : [ ],
    "tags" : [ ]
  },
  "source" : "6fe6cfb3e229782a.json",
  "parameterValues" : [ "buncha", "caphe", "Basic YWRtaW46cGFzc3dvcmQxMjM=", "2023-01-01", "2023-09-03", "true", "dat", "nguyen the", "3112", "https://restful-booker.herokuapp.com/booking/" ]
}